# JRE version: Java(TM) SE Runtime Environment (8.0_111-b14) (build 1.8.0_111-b14)
# Java VM: Java HotSpot(TM) 64-Bit Server VM (25.111-b14 mixed mode windows-amd64 compressed oops)
Heap:
 PSYoungGen      total 444416K, used 394463K [0x00000000e0000000, 0x00000000ffb80000, 0x0000000100000000)
  eden space 372224K, 100% used [0x00000000e0000000,0x00000000f6b80000,0x00000000f6b80000)
  from space 72192K, 30% used [0x00000000f6b80000,0x00000000f8137e38,0x00000000fb200000)
  to   space 67584K, 37% used [0x00000000fb980000,0x00000000fd20c1f8,0x00000000ffb80000)
 ParOldGen       total 420864K, used 71202K [0x00000000a0000000, 0x00000000b9b00000, 0x00000000e0000000)
  object space 420864K, 16% used [0x00000000a0000000,0x00000000a4588868,0x00000000b9b00000)
 Metaspace       used 75535K, capacity 80490K, committed 80728K, reserved 1120256K
  class space    used 9606K, capacity 10267K, committed 10328K, reserved 1048576K
GC Heap History (10 events):
Event: 4516.881 GC heap after
Heap after GC invocations=98 (full 18):
 PSYoungGen      total 424448K, used 23772K [0x00000000e0000000, 0x00000000ff080000, 0x0000000100000000)
  eden space 352768K, 0% used [0x00000000e0000000,0x00000000e0000000,0x00000000f5880000)
  from space 71680K, 33% used [0x00000000faa80000,0x00000000fc1b73d8,0x00000000ff080000)
  to   space 77824K, 0% used [0x00000000f5880000,0x00000000f5880000,0x00000000fa480000)
 ParOldGen       total 420864K, used 44982K [0x00000000a0000000, 0x00000000b9b00000, 0x00000000e0000000)
  object space 420864K, 10% used [0x00000000a0000000,0x00000000a2bedbd8,0x00000000b9b00000)
 Metaspace       used 74553K, capacity 79400K, committed 79704K, reserved 1118208K
  class space    used 9404K, capacity 10056K, committed 10328K, reserved 1048576K
}
Event: 4516.881 GC heap before
{Heap before GC invocations=99 (full 19):
 PSYoungGen      total 424448K, used 23772K [0x00000000e0000000, 0x00000000ff080000, 0x0000000100000000)
  eden space 352768K, 0% used [0x00000000e0000000,0x00000000e0000000,0x00000000f5880000)
  from space 71680K, 33% used [0x00000000faa80000,0x00000000fc1b73d8,0x00000000ff080000)
  to   space 77824K, 0% used [0x00000000f5880000,0x00000000f5880000,0x00000000fa480000)
 ParOldGen       total 420864K, used 44982K [0x00000000a0000000, 0x00000000b9b00000, 0x00000000e0000000)
  object space 420864K, 10% used [0x00000000a0000000,0x00000000a2bedbd8,0x00000000b9b00000)
 Metaspace       used 74553K, capacity 79400K, committed 79704K, reserved 1118208K
  class space    used 9404K, capacity 10056K, committed 10328K, reserved 1048576K
Event: 4517.339 GC heap after
Heap after GC invocations=99 (full 19):
 PSYoungGen      total 424448K, used 0K [0x00000000e0000000, 0x00000000ff080000, 0x0000000100000000)
  eden space 352768K, 0% used [0x00000000e0000000,0x00000000e0000000,0x00000000f5880000)
  from space 71680K, 0% used [0x00000000faa80000,0x00000000faa80000,0x00000000ff080000)
  to   space 77824K, 0% used [0x00000000f5880000,0x00000000f5880000,0x00000000fa480000)
 ParOldGen       total 420864K, used 62821K [0x00000000a0000000, 0x00000000b9b00000, 0x00000000e0000000)
  object space 420864K, 14% used [0x00000000a0000000,0x00000000a3d594b8,0x00000000b9b00000)
 Metaspace       used 74553K, capacity 79400K, committed 79704K, reserved 1118208K
  class space    used 9404K, capacity 10056K, committed 10328K, reserved 1048576K
}
Event: 4590.559 GC heap before
{Heap before GC invocations=100 (full 19):
 PSYoungGen      total 424448K, used 352768K [0x00000000e0000000, 0x00000000ff080000, 0x0000000100000000)
  eden space 352768K, 100% used [0x00000000e0000000,0x00000000f5880000,0x00000000f5880000)
  from space 71680K, 0% used [0x00000000faa80000,0x00000000faa80000,0x00000000ff080000)
  to   space 77824K, 0% used [0x00000000f5880000,0x00000000f5880000,0x00000000fa480000)
 ParOldGen       total 420864K, used 62821K [0x00000000a0000000, 0x00000000b9b00000, 0x00000000e0000000)
  object space 420864K, 14% used [0x00000000a0000000,0x00000000a3d594b8,0x00000000b9b00000)
 Metaspace       used 74604K, capacity 79488K, committed 79960K, reserved 1118208K
  class space    used 9413K, capacity 10064K, committed 10328K, reserved 1048576K
Event: 4590.580 GC heap after
Heap after GC invocations=100 (full 19):
 PSYoungGen      total 430592K, used 13887K [0x00000000e0000000, 0x00000000fff00000, 0x0000000100000000)
  eden space 352768K, 0% used [0x00000000e0000000,0x00000000e0000000,0x00000000f5880000)
  from space 77824K, 17% used [0x00000000f5880000,0x00000000f660fd18,0x00000000fa480000)
  to   space 74240K, 0% used [0x00000000fb680000,0x00000000fb680000,0x00000000fff00000)
 ParOldGen       total 420864K, used 62821K [0x00000000a0000000, 0x00000000b9b00000, 0x00000000e0000000)
  object space 420864K, 14% used [0x00000000a0000000,0x00000000a3d594b8,0x00000000b9b00000)
 Metaspace       used 74604K, capacity 79488K, committed 79960K, reserved 1118208K
  class space    used 9413K, capacity 10064K, committed 10328K, reserved 1048576K
}
Event: 4595.716 GC heap before
{Heap before GC invocations=101 (full 19):
 PSYoungGen      total 430592K, used 365784K [0x00000000e0000000, 0x00000000fff00000, 0x0000000100000000)
  eden space 352768K, 99% used [0x00000000e0000000,0x00000000f57a6648,0x00000000f5880000)
  from space 77824K, 17% used [0x00000000f5880000,0x00000000f660fd18,0x00000000fa480000)
  to   space 74240K, 0% used [0x00000000fb680000,0x00000000fb680000,0x00000000fff00000)
 ParOldGen       total 420864K, used 62821K [0x00000000a0000000, 0x00000000b9b00000, 0x00000000e0000000)
  object space 420864K, 14% used [0x00000000a0000000,0x00000000a3d594b8,0x00000000b9b00000)
 Metaspace       used 74639K, capacity 79570K, committed 79960K, reserved 1118208K
  class space    used 9414K, capacity 10067K, committed 10328K, reserved 1048576K
Event: 4595.733 GC heap after
Heap after GC invocations=101 (full 19):
 PSYoungGen      total 439808K, used 3867K [0x00000000e0000000, 0x00000000ff880000, 0x0000000100000000)
  eden space 372224K, 0% used [0x00000000e0000000,0x00000000e0000000,0x00000000f6b80000)
  from space 67584K, 5% used [0x00000000fb680000,0x00000000fba46dd0,0x00000000ff880000)
  to   space 72192K, 0% used [0x00000000f6b80000,0x00000000f6b80000,0x00000000fb200000)
 ParOldGen       total 420864K, used 66521K [0x00000000a0000000, 0x00000000b9b00000, 0x00000000e0000000)
  object space 420864K, 15% used [0x00000000a0000000,0x00000000a40f65e0,0x00000000b9b00000)
 Metaspace       used 74639K, capacity 79570K, committed 79960K, reserved 1118208K
  class space    used 9414K, capacity 10067K, committed 10328K, reserved 1048576K
}
Event: 4597.041 GC heap before
{Heap before GC invocations=102 (full 19):
 PSYoungGen      total 439808K, used 376091K [0x00000000e0000000, 0x00000000ff880000, 0x0000000100000000)
  eden space 372224K, 100% used [0x00000000e0000000,0x00000000f6b80000,0x00000000f6b80000)
  from space 67584K, 5% used [0x00000000fb680000,0x00000000fba46dd0,0x00000000ff880000)
  to   space 72192K, 0% used [0x00000000f6b80000,0x00000000f6b80000,0x00000000fb200000)
 ParOldGen       total 420864K, used 66521K [0x00000000a0000000, 0x00000000b9b00000, 0x00000000e0000000)
  object space 420864K, 15% used [0x00000000a0000000,0x00000000a40f65e0,0x00000000b9b00000)
 Metaspace       used 75533K, capacity 80490K, committed 80728K, reserved 1120256K
  class space    used 9606K, capacity 10267K, committed 10328K, reserved 1048576K
Event: 4597.088 GC heap after
Heap after GC invocations=102 (full 19):
 PSYoungGen      total 444416K, used 22239K [0x00000000e0000000, 0x00000000ffb80000, 0x0000000100000000)
  eden space 372224K, 0% used [0x00000000e0000000,0x00000000e0000000,0x00000000f6b80000)
  from space 72192K, 30% used [0x00000000f6b80000,0x00000000f8137e38,0x00000000fb200000)
  to   space 67584K, 0% used [0x00000000fb980000,0x00000000fb980000,0x00000000ffb80000)
 ParOldGen       total 420864K, used 67827K [0x00000000a0000000, 0x00000000b9b00000, 0x00000000e0000000)
  object space 420864K, 16% used [0x00000000a0000000,0x00000000a423cf58,0x00000000b9b00000)
 Metaspace       used 75533K, capacity 80490K, committed 80728K, reserved 1120256K
  class space    used 9606K, capacity 10267K, committed 10328K, reserved 1048576K
}
Event: 4597.625 GC heap before
{Heap before GC invocations=103 (full 19):
 PSYoungGen      total 444416K, used 394463K [0x00000000e0000000, 0x00000000ffb80000, 0x0000000100000000)
  eden space 372224K, 100% used [0x00000000e0000000,0x00000000f6b80000,0x00000000f6b80000)
  from space 72192K, 30% used [0x00000000f6b80000,0x00000000f8137e38,0x00000000fb200000)
  to   space 67584K, 0% used [0x00000000fb980000,0x00000000fb980000,0x00000000ffb80000)
 ParOldGen       total 420864K, used 67827K [0x00000000a0000000, 0x00000000b9b00000, 0x00000000e0000000)
  object space 420864K, 16% used [0x00000000a0000000,0x00000000a423cf58,0x00000000b9b00000)
 Metaspace       used 75535K, capacity 80490K, committed 80728K, reserved 1120256K
  class space    used 9606K, capacity 10267K, committed 10328K, reserved 1048576K

